<?xml version="1.0" encoding="UTF-8"?>
<testsuite xmlns:xsi="http://www.w3.org/2001/XMLSchema-instance" xsi:noNamespaceSchemaLocation="https://maven.apache.org/surefire/maven-surefire-plugin/xsd/surefire-test-report-3.0.xsd" version="3.0" name="com.school.timetable.test.parser.JsonInputParserTest" time="0.445" tests="4" errors="0" skipped="0" failures="0">
  <properties>
    <property name="java.specification.version" value="21"/>
    <property name="sun.cpu.isalist" value="amd64"/>
    <property name="sun.jnu.encoding" value="Cp1252"/>
    <property name="java.class.path" value="D:\Java Projects\timetable-mapping\target\test-classes;D:\Java Projects\timetable-mapping\target\classes;C:\Users\HP\.m2\repository\com\fasterxml\jackson\core\jackson-databind\2.15.2\jackson-databind-2.15.2.jar;C:\Users\HP\.m2\repository\com\fasterxml\jackson\core\jackson-annotations\2.15.2\jackson-annotations-2.15.2.jar;C:\Users\HP\.m2\repository\com\fasterxml\jackson\core\jackson-core\2.15.2\jackson-core-2.15.2.jar;C:\Users\HP\.m2\repository\org\junit\jupiter\junit-jupiter\5.10.0\junit-jupiter-5.10.0.jar;C:\Users\HP\.m2\repository\org\junit\jupiter\junit-jupiter-api\5.10.0\junit-jupiter-api-5.10.0.jar;C:\Users\HP\.m2\repository\org\opentest4j\opentest4j\1.3.0\opentest4j-1.3.0.jar;C:\Users\HP\.m2\repository\org\junit\platform\junit-platform-commons\1.10.0\junit-platform-commons-1.10.0.jar;C:\Users\HP\.m2\repository\org\apiguardian\apiguardian-api\1.1.2\apiguardian-api-1.1.2.jar;C:\Users\HP\.m2\repository\org\junit\jupiter\junit-jupiter-params\5.10.0\junit-jupiter-params-5.10.0.jar;C:\Users\HP\.m2\repository\org\junit\jupiter\junit-jupiter-engine\5.10.0\junit-jupiter-engine-5.10.0.jar;C:\Users\HP\.m2\repository\org\junit\platform\junit-platform-engine\1.10.0\junit-platform-engine-1.10.0.jar;C:\Users\HP\.m2\repository\org\projectlombok\lombok\1.18.36\lombok-1.18.36.jar;"/>
    <property name="java.vm.vendor" value="Eclipse Adoptium"/>
    <property name="sun.arch.data.model" value="64"/>
    <property name="user.variant" value=""/>
    <property name="java.vendor.url" value="https://adoptium.net/"/>
    <property name="user.timezone" value="Asia/Calcutta"/>
    <property name="os.name" value="Windows 10"/>
    <property name="java.vm.specification.version" value="21"/>
    <property name="sun.java.launcher" value="SUN_STANDARD"/>
    <property name="user.country" value="IN"/>
    <property name="sun.boot.library.path" value="C:\Program Files (x86)\spring-tool-suite-4-4.27.0\sts-4.27.0.RELEASE\plugins\org.eclipse.justj.openjdk.hotspot.jre.full.win32.x86_64_21.0.5.v20241023-1957\jre\bin"/>
    <property name="sun.java.command" value="C:\Users\HP\AppData\Local\Temp\surefire5853336265802188696\surefirebooter-20250101230648748_3.jar C:\Users\HP\AppData\Local\Temp\surefire5853336265802188696 2025-01-01T23-06-48_516-jvmRun1 surefire-20250101230648748_1tmp surefire_0-20250101230648748_2tmp"/>
    <property name="jdk.debug" value="release"/>
    <property name="surefire.test.class.path" value="D:\Java Projects\timetable-mapping\target\test-classes;D:\Java Projects\timetable-mapping\target\classes;C:\Users\HP\.m2\repository\com\fasterxml\jackson\core\jackson-databind\2.15.2\jackson-databind-2.15.2.jar;C:\Users\HP\.m2\repository\com\fasterxml\jackson\core\jackson-annotations\2.15.2\jackson-annotations-2.15.2.jar;C:\Users\HP\.m2\repository\com\fasterxml\jackson\core\jackson-core\2.15.2\jackson-core-2.15.2.jar;C:\Users\HP\.m2\repository\org\junit\jupiter\junit-jupiter\5.10.0\junit-jupiter-5.10.0.jar;C:\Users\HP\.m2\repository\org\junit\jupiter\junit-jupiter-api\5.10.0\junit-jupiter-api-5.10.0.jar;C:\Users\HP\.m2\repository\org\opentest4j\opentest4j\1.3.0\opentest4j-1.3.0.jar;C:\Users\HP\.m2\repository\org\junit\platform\junit-platform-commons\1.10.0\junit-platform-commons-1.10.0.jar;C:\Users\HP\.m2\repository\org\apiguardian\apiguardian-api\1.1.2\apiguardian-api-1.1.2.jar;C:\Users\HP\.m2\repository\org\junit\jupiter\junit-jupiter-params\5.10.0\junit-jupiter-params-5.10.0.jar;C:\Users\HP\.m2\repository\org\junit\jupiter\junit-jupiter-engine\5.10.0\junit-jupiter-engine-5.10.0.jar;C:\Users\HP\.m2\repository\org\junit\platform\junit-platform-engine\1.10.0\junit-platform-engine-1.10.0.jar;C:\Users\HP\.m2\repository\org\projectlombok\lombok\1.18.36\lombok-1.18.36.jar;"/>
    <property name="sun.cpu.endian" value="little"/>
    <property name="user.home" value="C:\Users\HP"/>
    <property name="user.language" value="en"/>
    <property name="java.specification.vendor" value="Oracle Corporation"/>
    <property name="java.version.date" value="2024-10-15"/>
    <property name="java.home" value="C:\Program Files (x86)\spring-tool-suite-4-4.27.0\sts-4.27.0.RELEASE\plugins\org.eclipse.justj.openjdk.hotspot.jre.full.win32.x86_64_21.0.5.v20241023-1957\jre"/>
    <property name="file.separator" value="\"/>
    <property name="basedir" value="D:\Java Projects\timetable-mapping"/>
    <property name="style.color" value="always"/>
    <property name="java.vm.compressedOopsMode" value="32-bit"/>
    <property name="line.separator" value="&#10;"/>
    <property name="java.vm.specification.vendor" value="Oracle Corporation"/>
    <property name="java.specification.name" value="Java Platform API Specification"/>
    <property name="surefire.real.class.path" value="C:\Users\HP\AppData\Local\Temp\surefire5853336265802188696\surefirebooter-20250101230648748_3.jar"/>
    <property name="user.script" value=""/>
    <property name="sun.management.compiler" value="HotSpot 64-Bit Tiered Compilers"/>
    <property name="java.runtime.version" value="21.0.5+11-LTS"/>
    <property name="user.name" value="HP"/>
    <property name="stdout.encoding" value="Cp1252"/>
    <property name="path.separator" value=";"/>
    <property name="os.version" value="10.0"/>
    <property name="java.runtime.name" value="OpenJDK Runtime Environment"/>
    <property name="file.encoding" value="UTF-8"/>
    <property name="java.vm.name" value="OpenJDK 64-Bit Server VM"/>
    <property name="java.vendor.version" value="Temurin-21.0.5+11"/>
    <property name="localRepository" value="C:\Users\HP\.m2\repository"/>
    <property name="java.vendor.url.bug" value="https://github.com/adoptium/adoptium-support/issues"/>
    <property name="java.io.tmpdir" value="C:\Users\HP\AppData\Local\Temp\"/>
    <property name="java.version" value="21.0.5"/>
    <property name="user.dir" value="D:\Java Projects\timetable-mapping"/>
    <property name="os.arch" value="amd64"/>
    <property name="java.vm.specification.name" value="Java Virtual Machine Specification"/>
    <property name="sun.os.patch.level" value=""/>
    <property name="native.encoding" value="Cp1252"/>
    <property name="java.library.path" value="C:\Program Files (x86)\spring-tool-suite-4-4.27.0\sts-4.27.0.RELEASE\plugins\org.eclipse.justj.openjdk.hotspot.jre.full.win32.x86_64_21.0.5.v20241023-1957\jre\bin;C:\WINDOWS\Sun\Java\bin;C:\WINDOWS\system32;C:\WINDOWS;C:/Program Files (x86)/spring-tool-suite-4-4.27.0/sts-4.27.0.RELEASE//plugins/org.eclipse.justj.openjdk.hotspot.jre.full.win32.x86_64_21.0.5.v20241023-1957/jre/bin/server;C:/Program Files (x86)/spring-tool-suite-4-4.27.0/sts-4.27.0.RELEASE//plugins/org.eclipse.justj.openjdk.hotspot.jre.full.win32.x86_64_21.0.5.v20241023-1957/jre/bin;C:\Program Files\Common Files\Oracle\Java\javapath;C:\WINDOWS\system32;C:\WINDOWS;C:\WINDOWS\System32\Wbem;C:\WINDOWS\System32\WindowsPowerShell\v1.0\;C:\WINDOWS\System32\OpenSSH\;C:\Program Files\Java\jdk-23\bin;C:\Program Files\MySQL\MySQL Shell 8.0\bin\;C:\Users\HP\AppData\Local\Microsoft\WindowsApps;;C:\Program Files (x86)\spring-tool-suite-4-4.27.0\sts-4.27.0.RELEASE;;."/>
    <property name="java.vm.info" value="mixed mode, sharing"/>
    <property name="stderr.encoding" value="Cp1252"/>
    <property name="java.vendor" value="Eclipse Adoptium"/>
    <property name="java.vm.version" value="21.0.5+11-LTS"/>
    <property name="sun.io.unicode.encoding" value="UnicodeLittle"/>
    <property name="java.class.version" value="65.0"/>
  </properties>
  <testcase name="testParseInput" classname="com.school.timetable.test.parser.JsonInputParserTest" time="0.348">
    <system-out><![CDATA[*****Teacher Availability******: {Friday={2=[Teacher(name=Radhu, subjects=[Mathematics, Physics], forbiddenPeriods={Monday=[3], Wednesday=[2, 6, 7, 8]}, availablePeriods={Tuesday=[1], Friday=[2, 3]}, maxConsecutivePeriods=2, minPeriodsPerDay=2, periodsPerWeek=15, classTeacherOf=ClassInfo(classGrade=10, section=A, subject=Mathematics))], 3=[Teacher(name=Radhu, subjects=[Mathematics, Physics], forbiddenPeriods={Monday=[3], Wednesday=[2, 6, 7, 8]}, availablePeriods={Tuesday=[1], Friday=[2, 3]}, maxConsecutivePeriods=2, minPeriodsPerDay=2, periodsPerWeek=15, classTeacherOf=ClassInfo(classGrade=10, section=A, subject=Mathematics))]}, Tuesday={1=[Teacher(name=Radhu, subjects=[Mathematics, Physics], forbiddenPeriods={Monday=[3], Wednesday=[2, 6, 7, 8]}, availablePeriods={Tuesday=[1], Friday=[2, 3]}, maxConsecutivePeriods=2, minPeriodsPerDay=2, periodsPerWeek=15, classTeacherOf=ClassInfo(classGrade=10, section=A, subject=Mathematics))]}}
*****Class Schedules: ********{10A={Friday=[ScheduleEntry(period=1, classInfo=ClassInfo(classGrade=10, section=A, subject=Mathematics))], Monday=[ScheduleEntry(period=1, classInfo=ClassInfo(classGrade=10, section=A, subject=Mathematics))], Wednesday=[ScheduleEntry(period=1, classInfo=ClassInfo(classGrade=10, section=A, subject=Mathematics))], Tuesday=[ScheduleEntry(period=1, classInfo=ClassInfo(classGrade=10, section=A, subject=Mathematics))], Thursday=[ScheduleEntry(period=1, classInfo=ClassInfo(classGrade=10, section=A, subject=Mathematics))]}}
******Subject Period Tracker****{Mathematics={10A=PeriodRequirement(remainingPeriodsPerDay=1, remainingPeriodsPerWeek=5)}, Physics={10B=PeriodRequirement(remainingPeriodsPerDay=1, remainingPeriodsPerWeek=5)}}
******Teacher WorkLoad Mapping*****{Radhu={Friday=0, Monday=0, Wednesday=0, Tuesday=0, Thursday=0}}
******Subject Usage Map*******{Mathematics=[ClassPeriodCount(classGrade=10, section=A, totalPeriods=0)], Physics=[ClassPeriodCount(classGrade=10, section=B, totalPeriods=0)]}
]]></system-out>
  </testcase>
  <testcase name="testForbiddenPeriodPopulator" classname="com.school.timetable.test.parser.JsonInputParserTest" time="0.021">
    <system-out><![CDATA[*****Teacher Availability******: {Friday={1=[Teacher(name=Radhu, subjects=[Mathematics], forbiddenPeriods={Monday=[3, 5], Wednesday=[2, 4, 6]}, availablePeriods={}, maxConsecutivePeriods=2, minPeriodsPerDay=1, periodsPerWeek=5, classTeacherOf=ClassInfo(classGrade=null, section=null, subject=null)), Teacher(name=Ravi, subjects=[Physics], forbiddenPeriods={Tuesday=[1, 4], Thursday=[2, 3]}, availablePeriods={}, maxConsecutivePeriods=3, minPeriodsPerDay=1, periodsPerWeek=6, classTeacherOf=ClassInfo(classGrade=null, section=null, subject=null))], 2=[Teacher(name=Radhu, subjects=[Mathematics], forbiddenPeriods={Monday=[3, 5], Wednesday=[2, 4, 6]}, availablePeriods={}, maxConsecutivePeriods=2, minPeriodsPerDay=1, periodsPerWeek=5, classTeacherOf=ClassInfo(classGrade=null, section=null, subject=null)), Teacher(name=Ravi, subjects=[Physics], forbiddenPeriods={Tuesday=[1, 4], Thursday=[2, 3]}, availablePeriods={}, maxConsecutivePeriods=3, minPeriodsPerDay=1, periodsPerWeek=6, classTeacherOf=ClassInfo(classGrade=null, section=null, subject=null))], 3=[Teacher(name=Radhu, subjects=[Mathematics], forbiddenPeriods={Monday=[3, 5], Wednesday=[2, 4, 6]}, availablePeriods={}, maxConsecutivePeriods=2, minPeriodsPerDay=1, periodsPerWeek=5, classTeacherOf=ClassInfo(classGrade=null, section=null, subject=null)), Teacher(name=Ravi, subjects=[Physics], forbiddenPeriods={Tuesday=[1, 4], Thursday=[2, 3]}, availablePeriods={}, maxConsecutivePeriods=3, minPeriodsPerDay=1, periodsPerWeek=6, classTeacherOf=ClassInfo(classGrade=null, section=null, subject=null))], 4=[Teacher(name=Radhu, subjects=[Mathematics], forbiddenPeriods={Monday=[3, 5], Wednesday=[2, 4, 6]}, availablePeriods={}, maxConsecutivePeriods=2, minPeriodsPerDay=1, periodsPerWeek=5, classTeacherOf=ClassInfo(classGrade=null, section=null, subject=null)), Teacher(name=Ravi, subjects=[Physics], forbiddenPeriods={Tuesday=[1, 4], Thursday=[2, 3]}, availablePeriods={}, maxConsecutivePeriods=3, minPeriodsPerDay=1, periodsPerWeek=6, classTeacherOf=ClassInfo(classGrade=null, section=null, subject=null))], 5=[Teacher(name=Radhu, subjects=[Mathematics], forbiddenPeriods={Monday=[3, 5], Wednesday=[2, 4, 6]}, availablePeriods={}, maxConsecutivePeriods=2, minPeriodsPerDay=1, periodsPerWeek=5, classTeacherOf=ClassInfo(classGrade=null, section=null, subject=null)), Teacher(name=Ravi, subjects=[Physics], forbiddenPeriods={Tuesday=[1, 4], Thursday=[2, 3]}, availablePeriods={}, maxConsecutivePeriods=3, minPeriodsPerDay=1, periodsPerWeek=6, classTeacherOf=ClassInfo(classGrade=null, section=null, subject=null))], 6=[Teacher(name=Radhu, subjects=[Mathematics], forbiddenPeriods={Monday=[3, 5], Wednesday=[2, 4, 6]}, availablePeriods={}, maxConsecutivePeriods=2, minPeriodsPerDay=1, periodsPerWeek=5, classTeacherOf=ClassInfo(classGrade=null, section=null, subject=null)), Teacher(name=Ravi, subjects=[Physics], forbiddenPeriods={Tuesday=[1, 4], Thursday=[2, 3]}, availablePeriods={}, maxConsecutivePeriods=3, minPeriodsPerDay=1, periodsPerWeek=6, classTeacherOf=ClassInfo(classGrade=null, section=null, subject=null))], 7=[Teacher(name=Radhu, subjects=[Mathematics], forbiddenPeriods={Monday=[3, 5], Wednesday=[2, 4, 6]}, availablePeriods={}, maxConsecutivePeriods=2, minPeriodsPerDay=1, periodsPerWeek=5, classTeacherOf=ClassInfo(classGrade=null, section=null, subject=null)), Teacher(name=Ravi, subjects=[Physics], forbiddenPeriods={Tuesday=[1, 4], Thursday=[2, 3]}, availablePeriods={}, maxConsecutivePeriods=3, minPeriodsPerDay=1, periodsPerWeek=6, classTeacherOf=ClassInfo(classGrade=null, section=null, subject=null))], 8=[Teacher(name=Radhu, subjects=[Mathematics], forbiddenPeriods={Monday=[3, 5], Wednesday=[2, 4, 6]}, availablePeriods={}, maxConsecutivePeriods=2, minPeriodsPerDay=1, periodsPerWeek=5, classTeacherOf=ClassInfo(classGrade=null, section=null, subject=null)), Teacher(name=Ravi, subjects=[Physics], forbiddenPeriods={Tuesday=[1, 4], Thursday=[2, 3]}, availablePeriods={}, maxConsecutivePeriods=3, minPeriodsPerDay=1, periodsPerWeek=6, classTeacherOf=ClassInfo(classGrade=null, section=null, subject=null))]}, Monday={1=[Teacher(name=Radhu, subjects=[Mathematics], forbiddenPeriods={Monday=[3, 5], Wednesday=[2, 4, 6]}, availablePeriods={}, maxConsecutivePeriods=2, minPeriodsPerDay=1, periodsPerWeek=5, classTeacherOf=ClassInfo(classGrade=null, section=null, subject=null)), Teacher(name=Ravi, subjects=[Physics], forbiddenPeriods={Tuesday=[1, 4], Thursday=[2, 3]}, availablePeriods={}, maxConsecutivePeriods=3, minPeriodsPerDay=1, periodsPerWeek=6, classTeacherOf=ClassInfo(classGrade=null, section=null, subject=null))], 2=[Teacher(name=Radhu, subjects=[Mathematics], forbiddenPeriods={Monday=[3, 5], Wednesday=[2, 4, 6]}, availablePeriods={}, maxConsecutivePeriods=2, minPeriodsPerDay=1, periodsPerWeek=5, classTeacherOf=ClassInfo(classGrade=null, section=null, subject=null)), Teacher(name=Ravi, subjects=[Physics], forbiddenPeriods={Tuesday=[1, 4], Thursday=[2, 3]}, availablePeriods={}, maxConsecutivePeriods=3, minPeriodsPerDay=1, periodsPerWeek=6, classTeacherOf=ClassInfo(classGrade=null, section=null, subject=null))], 3=[Teacher(name=Ravi, subjects=[Physics], forbiddenPeriods={Tuesday=[1, 4], Thursday=[2, 3]}, availablePeriods={}, maxConsecutivePeriods=3, minPeriodsPerDay=1, periodsPerWeek=6, classTeacherOf=ClassInfo(classGrade=null, section=null, subject=null))], 4=[Teacher(name=Radhu, subjects=[Mathematics], forbiddenPeriods={Monday=[3, 5], Wednesday=[2, 4, 6]}, availablePeriods={}, maxConsecutivePeriods=2, minPeriodsPerDay=1, periodsPerWeek=5, classTeacherOf=ClassInfo(classGrade=null, section=null, subject=null)), Teacher(name=Ravi, subjects=[Physics], forbiddenPeriods={Tuesday=[1, 4], Thursday=[2, 3]}, availablePeriods={}, maxConsecutivePeriods=3, minPeriodsPerDay=1, periodsPerWeek=6, classTeacherOf=ClassInfo(classGrade=null, section=null, subject=null))], 5=[Teacher(name=Ravi, subjects=[Physics], forbiddenPeriods={Tuesday=[1, 4], Thursday=[2, 3]}, availablePeriods={}, maxConsecutivePeriods=3, minPeriodsPerDay=1, periodsPerWeek=6, classTeacherOf=ClassInfo(classGrade=null, section=null, subject=null))], 6=[Teacher(name=Radhu, subjects=[Mathematics], forbiddenPeriods={Monday=[3, 5], Wednesday=[2, 4, 6]}, availablePeriods={}, maxConsecutivePeriods=2, minPeriodsPerDay=1, periodsPerWeek=5, classTeacherOf=ClassInfo(classGrade=null, section=null, subject=null)), Teacher(name=Ravi, subjects=[Physics], forbiddenPeriods={Tuesday=[1, 4], Thursday=[2, 3]}, availablePeriods={}, maxConsecutivePeriods=3, minPeriodsPerDay=1, periodsPerWeek=6, classTeacherOf=ClassInfo(classGrade=null, section=null, subject=null))], 7=[Teacher(name=Radhu, subjects=[Mathematics], forbiddenPeriods={Monday=[3, 5], Wednesday=[2, 4, 6]}, availablePeriods={}, maxConsecutivePeriods=2, minPeriodsPerDay=1, periodsPerWeek=5, classTeacherOf=ClassInfo(classGrade=null, section=null, subject=null)), Teacher(name=Ravi, subjects=[Physics], forbiddenPeriods={Tuesday=[1, 4], Thursday=[2, 3]}, availablePeriods={}, maxConsecutivePeriods=3, minPeriodsPerDay=1, periodsPerWeek=6, classTeacherOf=ClassInfo(classGrade=null, section=null, subject=null))], 8=[Teacher(name=Radhu, subjects=[Mathematics], forbiddenPeriods={Monday=[3, 5], Wednesday=[2, 4, 6]}, availablePeriods={}, maxConsecutivePeriods=2, minPeriodsPerDay=1, periodsPerWeek=5, classTeacherOf=ClassInfo(classGrade=null, section=null, subject=null)), Teacher(name=Ravi, subjects=[Physics], forbiddenPeriods={Tuesday=[1, 4], Thursday=[2, 3]}, availablePeriods={}, maxConsecutivePeriods=3, minPeriodsPerDay=1, periodsPerWeek=6, classTeacherOf=ClassInfo(classGrade=null, section=null, subject=null))]}, Wednesday={1=[Teacher(name=Radhu, subjects=[Mathematics], forbiddenPeriods={Monday=[3, 5], Wednesday=[2, 4, 6]}, availablePeriods={}, maxConsecutivePeriods=2, minPeriodsPerDay=1, periodsPerWeek=5, classTeacherOf=ClassInfo(classGrade=null, section=null, subject=null)), Teacher(name=Ravi, subjects=[Physics], forbiddenPeriods={Tuesday=[1, 4], Thursday=[2, 3]}, availablePeriods={}, maxConsecutivePeriods=3, minPeriodsPerDay=1, periodsPerWeek=6, classTeacherOf=ClassInfo(classGrade=null, section=null, subject=null))], 2=[Teacher(name=Ravi, subjects=[Physics], forbiddenPeriods={Tuesday=[1, 4], Thursday=[2, 3]}, availablePeriods={}, maxConsecutivePeriods=3, minPeriodsPerDay=1, periodsPerWeek=6, classTeacherOf=ClassInfo(classGrade=null, section=null, subject=null))], 3=[Teacher(name=Radhu, subjects=[Mathematics], forbiddenPeriods={Monday=[3, 5], Wednesday=[2, 4, 6]}, availablePeriods={}, maxConsecutivePeriods=2, minPeriodsPerDay=1, periodsPerWeek=5, classTeacherOf=ClassInfo(classGrade=null, section=null, subject=null)), Teacher(name=Ravi, subjects=[Physics], forbiddenPeriods={Tuesday=[1, 4], Thursday=[2, 3]}, availablePeriods={}, maxConsecutivePeriods=3, minPeriodsPerDay=1, periodsPerWeek=6, classTeacherOf=ClassInfo(classGrade=null, section=null, subject=null))], 4=[Teacher(name=Ravi, subjects=[Physics], forbiddenPeriods={Tuesday=[1, 4], Thursday=[2, 3]}, availablePeriods={}, maxConsecutivePeriods=3, minPeriodsPerDay=1, periodsPerWeek=6, classTeacherOf=ClassInfo(classGrade=null, section=null, subject=null))], 5=[Teacher(name=Radhu, subjects=[Mathematics], forbiddenPeriods={Monday=[3, 5], Wednesday=[2, 4, 6]}, availablePeriods={}, maxConsecutivePeriods=2, minPeriodsPerDay=1, periodsPerWeek=5, classTeacherOf=ClassInfo(classGrade=null, section=null, subject=null)), Teacher(name=Ravi, subjects=[Physics], forbiddenPeriods={Tuesday=[1, 4], Thursday=[2, 3]}, availablePeriods={}, maxConsecutivePeriods=3, minPeriodsPerDay=1, periodsPerWeek=6, classTeacherOf=ClassInfo(classGrade=null, section=null, subject=null))], 6=[Teacher(name=Ravi, subjects=[Physics], forbiddenPeriods={Tuesday=[1, 4], Thursday=[2, 3]}, availablePeriods={}, maxConsecutivePeriods=3, minPeriodsPerDay=1, periodsPerWeek=6, classTeacherOf=ClassInfo(classGrade=null, section=null, subject=null))], 7=[Teacher(name=Radhu, subjects=[Mathematics], forbiddenPeriods={Monday=[3, 5], Wednesday=[2, 4, 6]}, availablePeriods={}, maxConsecutivePeriods=2, minPeriodsPerDay=1, periodsPerWeek=5, classTeacherOf=ClassInfo(classGrade=null, section=null, subject=null)), Teacher(name=Ravi, subjects=[Physics], forbiddenPeriods={Tuesday=[1, 4], Thursday=[2, 3]}, availablePeriods={}, maxConsecutivePeriods=3, minPeriodsPerDay=1, periodsPerWeek=6, classTeacherOf=ClassInfo(classGrade=null, section=null, subject=null))], 8=[Teacher(name=Radhu, subjects=[Mathematics], forbiddenPeriods={Monday=[3, 5], Wednesday=[2, 4, 6]}, availablePeriods={}, maxConsecutivePeriods=2, minPeriodsPerDay=1, periodsPerWeek=5, classTeacherOf=ClassInfo(classGrade=null, section=null, subject=null)), Teacher(name=Ravi, subjects=[Physics], forbiddenPeriods={Tuesday=[1, 4], Thursday=[2, 3]}, availablePeriods={}, maxConsecutivePeriods=3, minPeriodsPerDay=1, periodsPerWeek=6, classTeacherOf=ClassInfo(classGrade=null, section=null, subject=null))]}, Tuesday={1=[Teacher(name=Radhu, subjects=[Mathematics], forbiddenPeriods={Monday=[3, 5], Wednesday=[2, 4, 6]}, availablePeriods={}, maxConsecutivePeriods=2, minPeriodsPerDay=1, periodsPerWeek=5, classTeacherOf=ClassInfo(classGrade=null, section=null, subject=null))], 2=[Teacher(name=Radhu, subjects=[Mathematics], forbiddenPeriods={Monday=[3, 5], Wednesday=[2, 4, 6]}, availablePeriods={}, maxConsecutivePeriods=2, minPeriodsPerDay=1, periodsPerWeek=5, classTeacherOf=ClassInfo(classGrade=null, section=null, subject=null)), Teacher(name=Ravi, subjects=[Physics], forbiddenPeriods={Tuesday=[1, 4], Thursday=[2, 3]}, availablePeriods={}, maxConsecutivePeriods=3, minPeriodsPerDay=1, periodsPerWeek=6, classTeacherOf=ClassInfo(classGrade=null, section=null, subject=null))], 3=[Teacher(name=Radhu, subjects=[Mathematics], forbiddenPeriods={Monday=[3, 5], Wednesday=[2, 4, 6]}, availablePeriods={}, maxConsecutivePeriods=2, minPeriodsPerDay=1, periodsPerWeek=5, classTeacherOf=ClassInfo(classGrade=null, section=null, subject=null)), Teacher(name=Ravi, subjects=[Physics], forbiddenPeriods={Tuesday=[1, 4], Thursday=[2, 3]}, availablePeriods={}, maxConsecutivePeriods=3, minPeriodsPerDay=1, periodsPerWeek=6, classTeacherOf=ClassInfo(classGrade=null, section=null, subject=null))], 4=[Teacher(name=Radhu, subjects=[Mathematics], forbiddenPeriods={Monday=[3, 5], Wednesday=[2, 4, 6]}, availablePeriods={}, maxConsecutivePeriods=2, minPeriodsPerDay=1, periodsPerWeek=5, classTeacherOf=ClassInfo(classGrade=null, section=null, subject=null))], 5=[Teacher(name=Radhu, subjects=[Mathematics], forbiddenPeriods={Monday=[3, 5], Wednesday=[2, 4, 6]}, availablePeriods={}, maxConsecutivePeriods=2, minPeriodsPerDay=1, periodsPerWeek=5, classTeacherOf=ClassInfo(classGrade=null, section=null, subject=null)), Teacher(name=Ravi, subjects=[Physics], forbiddenPeriods={Tuesday=[1, 4], Thursday=[2, 3]}, availablePeriods={}, maxConsecutivePeriods=3, minPeriodsPerDay=1, periodsPerWeek=6, classTeacherOf=ClassInfo(classGrade=null, section=null, subject=null))], 6=[Teacher(name=Radhu, subjects=[Mathematics], forbiddenPeriods={Monday=[3, 5], Wednesday=[2, 4, 6]}, availablePeriods={}, maxConsecutivePeriods=2, minPeriodsPerDay=1, periodsPerWeek=5, classTeacherOf=ClassInfo(classGrade=null, section=null, subject=null)), Teacher(name=Ravi, subjects=[Physics], forbiddenPeriods={Tuesday=[1, 4], Thursday=[2, 3]}, availablePeriods={}, maxConsecutivePeriods=3, minPeriodsPerDay=1, periodsPerWeek=6, classTeacherOf=ClassInfo(classGrade=null, section=null, subject=null))], 7=[Teacher(name=Radhu, subjects=[Mathematics], forbiddenPeriods={Monday=[3, 5], Wednesday=[2, 4, 6]}, availablePeriods={}, maxConsecutivePeriods=2, minPeriodsPerDay=1, periodsPerWeek=5, classTeacherOf=ClassInfo(classGrade=null, section=null, subject=null)), Teacher(name=Ravi, subjects=[Physics], forbiddenPeriods={Tuesday=[1, 4], Thursday=[2, 3]}, availablePeriods={}, maxConsecutivePeriods=3, minPeriodsPerDay=1, periodsPerWeek=6, classTeacherOf=ClassInfo(classGrade=null, section=null, subject=null))], 8=[Teacher(name=Radhu, subjects=[Mathematics], forbiddenPeriods={Monday=[3, 5], Wednesday=[2, 4, 6]}, availablePeriods={}, maxConsecutivePeriods=2, minPeriodsPerDay=1, periodsPerWeek=5, classTeacherOf=ClassInfo(classGrade=null, section=null, subject=null)), Teacher(name=Ravi, subjects=[Physics], forbiddenPeriods={Tuesday=[1, 4], Thursday=[2, 3]}, availablePeriods={}, maxConsecutivePeriods=3, minPeriodsPerDay=1, periodsPerWeek=6, classTeacherOf=ClassInfo(classGrade=null, section=null, subject=null))]}, Thursday={1=[Teacher(name=Radhu, subjects=[Mathematics], forbiddenPeriods={Monday=[3, 5], Wednesday=[2, 4, 6]}, availablePeriods={}, maxConsecutivePeriods=2, minPeriodsPerDay=1, periodsPerWeek=5, classTeacherOf=ClassInfo(classGrade=null, section=null, subject=null)), Teacher(name=Ravi, subjects=[Physics], forbiddenPeriods={Tuesday=[1, 4], Thursday=[2, 3]}, availablePeriods={}, maxConsecutivePeriods=3, minPeriodsPerDay=1, periodsPerWeek=6, classTeacherOf=ClassInfo(classGrade=null, section=null, subject=null))], 2=[Teacher(name=Radhu, subjects=[Mathematics], forbiddenPeriods={Monday=[3, 5], Wednesday=[2, 4, 6]}, availablePeriods={}, maxConsecutivePeriods=2, minPeriodsPerDay=1, periodsPerWeek=5, classTeacherOf=ClassInfo(classGrade=null, section=null, subject=null))], 3=[Teacher(name=Radhu, subjects=[Mathematics], forbiddenPeriods={Monday=[3, 5], Wednesday=[2, 4, 6]}, availablePeriods={}, maxConsecutivePeriods=2, minPeriodsPerDay=1, periodsPerWeek=5, classTeacherOf=ClassInfo(classGrade=null, section=null, subject=null))], 4=[Teacher(name=Radhu, subjects=[Mathematics], forbiddenPeriods={Monday=[3, 5], Wednesday=[2, 4, 6]}, availablePeriods={}, maxConsecutivePeriods=2, minPeriodsPerDay=1, periodsPerWeek=5, classTeacherOf=ClassInfo(classGrade=null, section=null, subject=null)), Teacher(name=Ravi, subjects=[Physics], forbiddenPeriods={Tuesday=[1, 4], Thursday=[2, 3]}, availablePeriods={}, maxConsecutivePeriods=3, minPeriodsPerDay=1, periodsPerWeek=6, classTeacherOf=ClassInfo(classGrade=null, section=null, subject=null))], 5=[Teacher(name=Radhu, subjects=[Mathematics], forbiddenPeriods={Monday=[3, 5], Wednesday=[2, 4, 6]}, availablePeriods={}, maxConsecutivePeriods=2, minPeriodsPerDay=1, periodsPerWeek=5, classTeacherOf=ClassInfo(classGrade=null, section=null, subject=null)), Teacher(name=Ravi, subjects=[Physics], forbiddenPeriods={Tuesday=[1, 4], Thursday=[2, 3]}, availablePeriods={}, maxConsecutivePeriods=3, minPeriodsPerDay=1, periodsPerWeek=6, classTeacherOf=ClassInfo(classGrade=null, section=null, subject=null))], 6=[Teacher(name=Radhu, subjects=[Mathematics], forbiddenPeriods={Monday=[3, 5], Wednesday=[2, 4, 6]}, availablePeriods={}, maxConsecutivePeriods=2, minPeriodsPerDay=1, periodsPerWeek=5, classTeacherOf=ClassInfo(classGrade=null, section=null, subject=null)), Teacher(name=Ravi, subjects=[Physics], forbiddenPeriods={Tuesday=[1, 4], Thursday=[2, 3]}, availablePeriods={}, maxConsecutivePeriods=3, minPeriodsPerDay=1, periodsPerWeek=6, classTeacherOf=ClassInfo(classGrade=null, section=null, subject=null))], 7=[Teacher(name=Radhu, subjects=[Mathematics], forbiddenPeriods={Monday=[3, 5], Wednesday=[2, 4, 6]}, availablePeriods={}, maxConsecutivePeriods=2, minPeriodsPerDay=1, periodsPerWeek=5, classTeacherOf=ClassInfo(classGrade=null, section=null, subject=null)), Teacher(name=Ravi, subjects=[Physics], forbiddenPeriods={Tuesday=[1, 4], Thursday=[2, 3]}, availablePeriods={}, maxConsecutivePeriods=3, minPeriodsPerDay=1, periodsPerWeek=6, classTeacherOf=ClassInfo(classGrade=null, section=null, subject=null))], 8=[Teacher(name=Radhu, subjects=[Mathematics], forbiddenPeriods={Monday=[3, 5], Wednesday=[2, 4, 6]}, availablePeriods={}, maxConsecutivePeriods=2, minPeriodsPerDay=1, periodsPerWeek=5, classTeacherOf=ClassInfo(classGrade=null, section=null, subject=null)), Teacher(name=Ravi, subjects=[Physics], forbiddenPeriods={Tuesday=[1, 4], Thursday=[2, 3]}, availablePeriods={}, maxConsecutivePeriods=3, minPeriodsPerDay=1, periodsPerWeek=6, classTeacherOf=ClassInfo(classGrade=null, section=null, subject=null))]}}
*****Class Schedules: ********{}
******Subject Period Tracker****{Mathematics={12A=PeriodRequirement(remainingPeriodsPerDay=1, remainingPeriodsPerWeek=5), 11A=PeriodRequirement(remainingPeriodsPerDay=1, remainingPeriodsPerWeek=5), 10A=PeriodRequirement(remainingPeriodsPerDay=1, remainingPeriodsPerWeek=5)}, Physics={11B=PeriodRequirement(remainingPeriodsPerDay=1, remainingPeriodsPerWeek=6)}}
******Teacher WorkLoad Mapping*****{Radhu={Friday=0, Monday=0, Wednesday=0, Tuesday=0, Thursday=0}, Ravi={Friday=0, Monday=0, Wednesday=0, Tuesday=0, Thursday=0}}
******Subject Usage Map*******{Mathematics=[ClassPeriodCount(classGrade=10, section=A, totalPeriods=0), ClassPeriodCount(classGrade=11, section=A, totalPeriods=0), ClassPeriodCount(classGrade=12, section=A, totalPeriods=0)], Physics=[ClassPeriodCount(classGrade=11, section=B, totalPeriods=0)]}
]]></system-out>
  </testcase>
  <testcase name="testPopulator" classname="com.school.timetable.test.parser.JsonInputParserTest" time="0.035">
    <system-out><![CDATA[*****Teacher Availability******: {Friday={1=[Teacher(name=Radhu, subjects=[Mathematics], forbiddenPeriods={}, availablePeriods={}, maxConsecutivePeriods=2, minPeriodsPerDay=1, periodsPerWeek=5, classTeacherOf=ClassInfo(classGrade=10, section=A, subject=Mathematics)), Teacher(name=Ravi, subjects=[Physics], forbiddenPeriods={}, availablePeriods={}, maxConsecutivePeriods=3, minPeriodsPerDay=1, periodsPerWeek=6, classTeacherOf=ClassInfo(classGrade=11, section=B, subject=Physics))], 2=[Teacher(name=Radhu, subjects=[Mathematics], forbiddenPeriods={}, availablePeriods={}, maxConsecutivePeriods=2, minPeriodsPerDay=1, periodsPerWeek=5, classTeacherOf=ClassInfo(classGrade=10, section=A, subject=Mathematics)), Teacher(name=Ravi, subjects=[Physics], forbiddenPeriods={}, availablePeriods={}, maxConsecutivePeriods=3, minPeriodsPerDay=1, periodsPerWeek=6, classTeacherOf=ClassInfo(classGrade=11, section=B, subject=Physics))], 3=[Teacher(name=Radhu, subjects=[Mathematics], forbiddenPeriods={}, availablePeriods={}, maxConsecutivePeriods=2, minPeriodsPerDay=1, periodsPerWeek=5, classTeacherOf=ClassInfo(classGrade=10, section=A, subject=Mathematics)), Teacher(name=Ravi, subjects=[Physics], forbiddenPeriods={}, availablePeriods={}, maxConsecutivePeriods=3, minPeriodsPerDay=1, periodsPerWeek=6, classTeacherOf=ClassInfo(classGrade=11, section=B, subject=Physics))], 4=[Teacher(name=Radhu, subjects=[Mathematics], forbiddenPeriods={}, availablePeriods={}, maxConsecutivePeriods=2, minPeriodsPerDay=1, periodsPerWeek=5, classTeacherOf=ClassInfo(classGrade=10, section=A, subject=Mathematics)), Teacher(name=Ravi, subjects=[Physics], forbiddenPeriods={}, availablePeriods={}, maxConsecutivePeriods=3, minPeriodsPerDay=1, periodsPerWeek=6, classTeacherOf=ClassInfo(classGrade=11, section=B, subject=Physics))], 5=[Teacher(name=Radhu, subjects=[Mathematics], forbiddenPeriods={}, availablePeriods={}, maxConsecutivePeriods=2, minPeriodsPerDay=1, periodsPerWeek=5, classTeacherOf=ClassInfo(classGrade=10, section=A, subject=Mathematics)), Teacher(name=Ravi, subjects=[Physics], forbiddenPeriods={}, availablePeriods={}, maxConsecutivePeriods=3, minPeriodsPerDay=1, periodsPerWeek=6, classTeacherOf=ClassInfo(classGrade=11, section=B, subject=Physics))], 6=[Teacher(name=Radhu, subjects=[Mathematics], forbiddenPeriods={}, availablePeriods={}, maxConsecutivePeriods=2, minPeriodsPerDay=1, periodsPerWeek=5, classTeacherOf=ClassInfo(classGrade=10, section=A, subject=Mathematics)), Teacher(name=Ravi, subjects=[Physics], forbiddenPeriods={}, availablePeriods={}, maxConsecutivePeriods=3, minPeriodsPerDay=1, periodsPerWeek=6, classTeacherOf=ClassInfo(classGrade=11, section=B, subject=Physics))], 7=[Teacher(name=Radhu, subjects=[Mathematics], forbiddenPeriods={}, availablePeriods={}, maxConsecutivePeriods=2, minPeriodsPerDay=1, periodsPerWeek=5, classTeacherOf=ClassInfo(classGrade=10, section=A, subject=Mathematics)), Teacher(name=Ravi, subjects=[Physics], forbiddenPeriods={}, availablePeriods={}, maxConsecutivePeriods=3, minPeriodsPerDay=1, periodsPerWeek=6, classTeacherOf=ClassInfo(classGrade=11, section=B, subject=Physics))], 8=[Teacher(name=Radhu, subjects=[Mathematics], forbiddenPeriods={}, availablePeriods={}, maxConsecutivePeriods=2, minPeriodsPerDay=1, periodsPerWeek=5, classTeacherOf=ClassInfo(classGrade=10, section=A, subject=Mathematics)), Teacher(name=Ravi, subjects=[Physics], forbiddenPeriods={}, availablePeriods={}, maxConsecutivePeriods=3, minPeriodsPerDay=1, periodsPerWeek=6, classTeacherOf=ClassInfo(classGrade=11, section=B, subject=Physics))]}, Monday={1=[Teacher(name=Radhu, subjects=[Mathematics], forbiddenPeriods={}, availablePeriods={}, maxConsecutivePeriods=2, minPeriodsPerDay=1, periodsPerWeek=5, classTeacherOf=ClassInfo(classGrade=10, section=A, subject=Mathematics)), Teacher(name=Ravi, subjects=[Physics], forbiddenPeriods={}, availablePeriods={}, maxConsecutivePeriods=3, minPeriodsPerDay=1, periodsPerWeek=6, classTeacherOf=ClassInfo(classGrade=11, section=B, subject=Physics))], 2=[Teacher(name=Radhu, subjects=[Mathematics], forbiddenPeriods={}, availablePeriods={}, maxConsecutivePeriods=2, minPeriodsPerDay=1, periodsPerWeek=5, classTeacherOf=ClassInfo(classGrade=10, section=A, subject=Mathematics)), Teacher(name=Ravi, subjects=[Physics], forbiddenPeriods={}, availablePeriods={}, maxConsecutivePeriods=3, minPeriodsPerDay=1, periodsPerWeek=6, classTeacherOf=ClassInfo(classGrade=11, section=B, subject=Physics))], 3=[Teacher(name=Radhu, subjects=[Mathematics], forbiddenPeriods={}, availablePeriods={}, maxConsecutivePeriods=2, minPeriodsPerDay=1, periodsPerWeek=5, classTeacherOf=ClassInfo(classGrade=10, section=A, subject=Mathematics)), Teacher(name=Ravi, subjects=[Physics], forbiddenPeriods={}, availablePeriods={}, maxConsecutivePeriods=3, minPeriodsPerDay=1, periodsPerWeek=6, classTeacherOf=ClassInfo(classGrade=11, section=B, subject=Physics))], 4=[Teacher(name=Radhu, subjects=[Mathematics], forbiddenPeriods={}, availablePeriods={}, maxConsecutivePeriods=2, minPeriodsPerDay=1, periodsPerWeek=5, classTeacherOf=ClassInfo(classGrade=10, section=A, subject=Mathematics)), Teacher(name=Ravi, subjects=[Physics], forbiddenPeriods={}, availablePeriods={}, maxConsecutivePeriods=3, minPeriodsPerDay=1, periodsPerWeek=6, classTeacherOf=ClassInfo(classGrade=11, section=B, subject=Physics))], 5=[Teacher(name=Radhu, subjects=[Mathematics], forbiddenPeriods={}, availablePeriods={}, maxConsecutivePeriods=2, minPeriodsPerDay=1, periodsPerWeek=5, classTeacherOf=ClassInfo(classGrade=10, section=A, subject=Mathematics)), Teacher(name=Ravi, subjects=[Physics], forbiddenPeriods={}, availablePeriods={}, maxConsecutivePeriods=3, minPeriodsPerDay=1, periodsPerWeek=6, classTeacherOf=ClassInfo(classGrade=11, section=B, subject=Physics))], 6=[Teacher(name=Radhu, subjects=[Mathematics], forbiddenPeriods={}, availablePeriods={}, maxConsecutivePeriods=2, minPeriodsPerDay=1, periodsPerWeek=5, classTeacherOf=ClassInfo(classGrade=10, section=A, subject=Mathematics)), Teacher(name=Ravi, subjects=[Physics], forbiddenPeriods={}, availablePeriods={}, maxConsecutivePeriods=3, minPeriodsPerDay=1, periodsPerWeek=6, classTeacherOf=ClassInfo(classGrade=11, section=B, subject=Physics))], 7=[Teacher(name=Radhu, subjects=[Mathematics], forbiddenPeriods={}, availablePeriods={}, maxConsecutivePeriods=2, minPeriodsPerDay=1, periodsPerWeek=5, classTeacherOf=ClassInfo(classGrade=10, section=A, subject=Mathematics)), Teacher(name=Ravi, subjects=[Physics], forbiddenPeriods={}, availablePeriods={}, maxConsecutivePeriods=3, minPeriodsPerDay=1, periodsPerWeek=6, classTeacherOf=ClassInfo(classGrade=11, section=B, subject=Physics))], 8=[Teacher(name=Radhu, subjects=[Mathematics], forbiddenPeriods={}, availablePeriods={}, maxConsecutivePeriods=2, minPeriodsPerDay=1, periodsPerWeek=5, classTeacherOf=ClassInfo(classGrade=10, section=A, subject=Mathematics)), Teacher(name=Ravi, subjects=[Physics], forbiddenPeriods={}, availablePeriods={}, maxConsecutivePeriods=3, minPeriodsPerDay=1, periodsPerWeek=6, classTeacherOf=ClassInfo(classGrade=11, section=B, subject=Physics))]}, Wednesday={1=[Teacher(name=Radhu, subjects=[Mathematics], forbiddenPeriods={}, availablePeriods={}, maxConsecutivePeriods=2, minPeriodsPerDay=1, periodsPerWeek=5, classTeacherOf=ClassInfo(classGrade=10, section=A, subject=Mathematics)), Teacher(name=Ravi, subjects=[Physics], forbiddenPeriods={}, availablePeriods={}, maxConsecutivePeriods=3, minPeriodsPerDay=1, periodsPerWeek=6, classTeacherOf=ClassInfo(classGrade=11, section=B, subject=Physics))], 2=[Teacher(name=Radhu, subjects=[Mathematics], forbiddenPeriods={}, availablePeriods={}, maxConsecutivePeriods=2, minPeriodsPerDay=1, periodsPerWeek=5, classTeacherOf=ClassInfo(classGrade=10, section=A, subject=Mathematics)), Teacher(name=Ravi, subjects=[Physics], forbiddenPeriods={}, availablePeriods={}, maxConsecutivePeriods=3, minPeriodsPerDay=1, periodsPerWeek=6, classTeacherOf=ClassInfo(classGrade=11, section=B, subject=Physics))], 3=[Teacher(name=Radhu, subjects=[Mathematics], forbiddenPeriods={}, availablePeriods={}, maxConsecutivePeriods=2, minPeriodsPerDay=1, periodsPerWeek=5, classTeacherOf=ClassInfo(classGrade=10, section=A, subject=Mathematics)), Teacher(name=Ravi, subjects=[Physics], forbiddenPeriods={}, availablePeriods={}, maxConsecutivePeriods=3, minPeriodsPerDay=1, periodsPerWeek=6, classTeacherOf=ClassInfo(classGrade=11, section=B, subject=Physics))], 4=[Teacher(name=Radhu, subjects=[Mathematics], forbiddenPeriods={}, availablePeriods={}, maxConsecutivePeriods=2, minPeriodsPerDay=1, periodsPerWeek=5, classTeacherOf=ClassInfo(classGrade=10, section=A, subject=Mathematics)), Teacher(name=Ravi, subjects=[Physics], forbiddenPeriods={}, availablePeriods={}, maxConsecutivePeriods=3, minPeriodsPerDay=1, periodsPerWeek=6, classTeacherOf=ClassInfo(classGrade=11, section=B, subject=Physics))], 5=[Teacher(name=Radhu, subjects=[Mathematics], forbiddenPeriods={}, availablePeriods={}, maxConsecutivePeriods=2, minPeriodsPerDay=1, periodsPerWeek=5, classTeacherOf=ClassInfo(classGrade=10, section=A, subject=Mathematics)), Teacher(name=Ravi, subjects=[Physics], forbiddenPeriods={}, availablePeriods={}, maxConsecutivePeriods=3, minPeriodsPerDay=1, periodsPerWeek=6, classTeacherOf=ClassInfo(classGrade=11, section=B, subject=Physics))], 6=[Teacher(name=Radhu, subjects=[Mathematics], forbiddenPeriods={}, availablePeriods={}, maxConsecutivePeriods=2, minPeriodsPerDay=1, periodsPerWeek=5, classTeacherOf=ClassInfo(classGrade=10, section=A, subject=Mathematics)), Teacher(name=Ravi, subjects=[Physics], forbiddenPeriods={}, availablePeriods={}, maxConsecutivePeriods=3, minPeriodsPerDay=1, periodsPerWeek=6, classTeacherOf=ClassInfo(classGrade=11, section=B, subject=Physics))], 7=[Teacher(name=Radhu, subjects=[Mathematics], forbiddenPeriods={}, availablePeriods={}, maxConsecutivePeriods=2, minPeriodsPerDay=1, periodsPerWeek=5, classTeacherOf=ClassInfo(classGrade=10, section=A, subject=Mathematics)), Teacher(name=Ravi, subjects=[Physics], forbiddenPeriods={}, availablePeriods={}, maxConsecutivePeriods=3, minPeriodsPerDay=1, periodsPerWeek=6, classTeacherOf=ClassInfo(classGrade=11, section=B, subject=Physics))], 8=[Teacher(name=Radhu, subjects=[Mathematics], forbiddenPeriods={}, availablePeriods={}, maxConsecutivePeriods=2, minPeriodsPerDay=1, periodsPerWeek=5, classTeacherOf=ClassInfo(classGrade=10, section=A, subject=Mathematics)), Teacher(name=Ravi, subjects=[Physics], forbiddenPeriods={}, availablePeriods={}, maxConsecutivePeriods=3, minPeriodsPerDay=1, periodsPerWeek=6, classTeacherOf=ClassInfo(classGrade=11, section=B, subject=Physics))]}, Tuesday={1=[Teacher(name=Radhu, subjects=[Mathematics], forbiddenPeriods={}, availablePeriods={}, maxConsecutivePeriods=2, minPeriodsPerDay=1, periodsPerWeek=5, classTeacherOf=ClassInfo(classGrade=10, section=A, subject=Mathematics)), Teacher(name=Ravi, subjects=[Physics], forbiddenPeriods={}, availablePeriods={}, maxConsecutivePeriods=3, minPeriodsPerDay=1, periodsPerWeek=6, classTeacherOf=ClassInfo(classGrade=11, section=B, subject=Physics))], 2=[Teacher(name=Radhu, subjects=[Mathematics], forbiddenPeriods={}, availablePeriods={}, maxConsecutivePeriods=2, minPeriodsPerDay=1, periodsPerWeek=5, classTeacherOf=ClassInfo(classGrade=10, section=A, subject=Mathematics)), Teacher(name=Ravi, subjects=[Physics], forbiddenPeriods={}, availablePeriods={}, maxConsecutivePeriods=3, minPeriodsPerDay=1, periodsPerWeek=6, classTeacherOf=ClassInfo(classGrade=11, section=B, subject=Physics))], 3=[Teacher(name=Radhu, subjects=[Mathematics], forbiddenPeriods={}, availablePeriods={}, maxConsecutivePeriods=2, minPeriodsPerDay=1, periodsPerWeek=5, classTeacherOf=ClassInfo(classGrade=10, section=A, subject=Mathematics)), Teacher(name=Ravi, subjects=[Physics], forbiddenPeriods={}, availablePeriods={}, maxConsecutivePeriods=3, minPeriodsPerDay=1, periodsPerWeek=6, classTeacherOf=ClassInfo(classGrade=11, section=B, subject=Physics))], 4=[Teacher(name=Radhu, subjects=[Mathematics], forbiddenPeriods={}, availablePeriods={}, maxConsecutivePeriods=2, minPeriodsPerDay=1, periodsPerWeek=5, classTeacherOf=ClassInfo(classGrade=10, section=A, subject=Mathematics)), Teacher(name=Ravi, subjects=[Physics], forbiddenPeriods={}, availablePeriods={}, maxConsecutivePeriods=3, minPeriodsPerDay=1, periodsPerWeek=6, classTeacherOf=ClassInfo(classGrade=11, section=B, subject=Physics))], 5=[Teacher(name=Radhu, subjects=[Mathematics], forbiddenPeriods={}, availablePeriods={}, maxConsecutivePeriods=2, minPeriodsPerDay=1, periodsPerWeek=5, classTeacherOf=ClassInfo(classGrade=10, section=A, subject=Mathematics)), Teacher(name=Ravi, subjects=[Physics], forbiddenPeriods={}, availablePeriods={}, maxConsecutivePeriods=3, minPeriodsPerDay=1, periodsPerWeek=6, classTeacherOf=ClassInfo(classGrade=11, section=B, subject=Physics))], 6=[Teacher(name=Radhu, subjects=[Mathematics], forbiddenPeriods={}, availablePeriods={}, maxConsecutivePeriods=2, minPeriodsPerDay=1, periodsPerWeek=5, classTeacherOf=ClassInfo(classGrade=10, section=A, subject=Mathematics)), Teacher(name=Ravi, subjects=[Physics], forbiddenPeriods={}, availablePeriods={}, maxConsecutivePeriods=3, minPeriodsPerDay=1, periodsPerWeek=6, classTeacherOf=ClassInfo(classGrade=11, section=B, subject=Physics))], 7=[Teacher(name=Radhu, subjects=[Mathematics], forbiddenPeriods={}, availablePeriods={}, maxConsecutivePeriods=2, minPeriodsPerDay=1, periodsPerWeek=5, classTeacherOf=ClassInfo(classGrade=10, section=A, subject=Mathematics)), Teacher(name=Ravi, subjects=[Physics], forbiddenPeriods={}, availablePeriods={}, maxConsecutivePeriods=3, minPeriodsPerDay=1, periodsPerWeek=6, classTeacherOf=ClassInfo(classGrade=11, section=B, subject=Physics))], 8=[Teacher(name=Radhu, subjects=[Mathematics], forbiddenPeriods={}, availablePeriods={}, maxConsecutivePeriods=2, minPeriodsPerDay=1, periodsPerWeek=5, classTeacherOf=ClassInfo(classGrade=10, section=A, subject=Mathematics)), Teacher(name=Ravi, subjects=[Physics], forbiddenPeriods={}, availablePeriods={}, maxConsecutivePeriods=3, minPeriodsPerDay=1, periodsPerWeek=6, classTeacherOf=ClassInfo(classGrade=11, section=B, subject=Physics))]}, Thursday={1=[Teacher(name=Radhu, subjects=[Mathematics], forbiddenPeriods={}, availablePeriods={}, maxConsecutivePeriods=2, minPeriodsPerDay=1, periodsPerWeek=5, classTeacherOf=ClassInfo(classGrade=10, section=A, subject=Mathematics)), Teacher(name=Ravi, subjects=[Physics], forbiddenPeriods={}, availablePeriods={}, maxConsecutivePeriods=3, minPeriodsPerDay=1, periodsPerWeek=6, classTeacherOf=ClassInfo(classGrade=11, section=B, subject=Physics))], 2=[Teacher(name=Radhu, subjects=[Mathematics], forbiddenPeriods={}, availablePeriods={}, maxConsecutivePeriods=2, minPeriodsPerDay=1, periodsPerWeek=5, classTeacherOf=ClassInfo(classGrade=10, section=A, subject=Mathematics)), Teacher(name=Ravi, subjects=[Physics], forbiddenPeriods={}, availablePeriods={}, maxConsecutivePeriods=3, minPeriodsPerDay=1, periodsPerWeek=6, classTeacherOf=ClassInfo(classGrade=11, section=B, subject=Physics))], 3=[Teacher(name=Radhu, subjects=[Mathematics], forbiddenPeriods={}, availablePeriods={}, maxConsecutivePeriods=2, minPeriodsPerDay=1, periodsPerWeek=5, classTeacherOf=ClassInfo(classGrade=10, section=A, subject=Mathematics)), Teacher(name=Ravi, subjects=[Physics], forbiddenPeriods={}, availablePeriods={}, maxConsecutivePeriods=3, minPeriodsPerDay=1, periodsPerWeek=6, classTeacherOf=ClassInfo(classGrade=11, section=B, subject=Physics))], 4=[Teacher(name=Radhu, subjects=[Mathematics], forbiddenPeriods={}, availablePeriods={}, maxConsecutivePeriods=2, minPeriodsPerDay=1, periodsPerWeek=5, classTeacherOf=ClassInfo(classGrade=10, section=A, subject=Mathematics)), Teacher(name=Ravi, subjects=[Physics], forbiddenPeriods={}, availablePeriods={}, maxConsecutivePeriods=3, minPeriodsPerDay=1, periodsPerWeek=6, classTeacherOf=ClassInfo(classGrade=11, section=B, subject=Physics))], 5=[Teacher(name=Radhu, subjects=[Mathematics], forbiddenPeriods={}, availablePeriods={}, maxConsecutivePeriods=2, minPeriodsPerDay=1, periodsPerWeek=5, classTeacherOf=ClassInfo(classGrade=10, section=A, subject=Mathematics)), Teacher(name=Ravi, subjects=[Physics], forbiddenPeriods={}, availablePeriods={}, maxConsecutivePeriods=3, minPeriodsPerDay=1, periodsPerWeek=6, classTeacherOf=ClassInfo(classGrade=11, section=B, subject=Physics))], 6=[Teacher(name=Radhu, subjects=[Mathematics], forbiddenPeriods={}, availablePeriods={}, maxConsecutivePeriods=2, minPeriodsPerDay=1, periodsPerWeek=5, classTeacherOf=ClassInfo(classGrade=10, section=A, subject=Mathematics)), Teacher(name=Ravi, subjects=[Physics], forbiddenPeriods={}, availablePeriods={}, maxConsecutivePeriods=3, minPeriodsPerDay=1, periodsPerWeek=6, classTeacherOf=ClassInfo(classGrade=11, section=B, subject=Physics))], 7=[Teacher(name=Radhu, subjects=[Mathematics], forbiddenPeriods={}, availablePeriods={}, maxConsecutivePeriods=2, minPeriodsPerDay=1, periodsPerWeek=5, classTeacherOf=ClassInfo(classGrade=10, section=A, subject=Mathematics)), Teacher(name=Ravi, subjects=[Physics], forbiddenPeriods={}, availablePeriods={}, maxConsecutivePeriods=3, minPeriodsPerDay=1, periodsPerWeek=6, classTeacherOf=ClassInfo(classGrade=11, section=B, subject=Physics))], 8=[Teacher(name=Radhu, subjects=[Mathematics], forbiddenPeriods={}, availablePeriods={}, maxConsecutivePeriods=2, minPeriodsPerDay=1, periodsPerWeek=5, classTeacherOf=ClassInfo(classGrade=10, section=A, subject=Mathematics)), Teacher(name=Ravi, subjects=[Physics], forbiddenPeriods={}, availablePeriods={}, maxConsecutivePeriods=3, minPeriodsPerDay=1, periodsPerWeek=6, classTeacherOf=ClassInfo(classGrade=11, section=B, subject=Physics))]}}
*****Class Schedules: ********{10A={Friday=[ScheduleEntry(period=1, classInfo=ClassInfo(classGrade=10, section=A, subject=Mathematics))], Monday=[ScheduleEntry(period=1, classInfo=ClassInfo(classGrade=10, section=A, subject=Mathematics))], Wednesday=[ScheduleEntry(period=1, classInfo=ClassInfo(classGrade=10, section=A, subject=Mathematics))], Tuesday=[ScheduleEntry(period=1, classInfo=ClassInfo(classGrade=10, section=A, subject=Mathematics))], Thursday=[ScheduleEntry(period=1, classInfo=ClassInfo(classGrade=10, section=A, subject=Mathematics))]}, 11B={Friday=[ScheduleEntry(period=1, classInfo=ClassInfo(classGrade=11, section=B, subject=Physics))], Monday=[ScheduleEntry(period=1, classInfo=ClassInfo(classGrade=11, section=B, subject=Physics))], Wednesday=[ScheduleEntry(period=1, classInfo=ClassInfo(classGrade=11, section=B, subject=Physics))], Tuesday=[ScheduleEntry(period=1, classInfo=ClassInfo(classGrade=11, section=B, subject=Physics))], Thursday=[ScheduleEntry(period=1, classInfo=ClassInfo(classGrade=11, section=B, subject=Physics))]}}
******Subject Period Tracker****{Mathematics={10A=PeriodRequirement(remainingPeriodsPerDay=1, remainingPeriodsPerWeek=5)}, Physics={11B=PeriodRequirement(remainingPeriodsPerDay=1, remainingPeriodsPerWeek=6)}}
******Teacher WorkLoad Mapping*****{Radhu={Friday=0, Monday=0, Wednesday=0, Tuesday=0, Thursday=0}, Ravi={Friday=0, Monday=0, Wednesday=0, Tuesday=0, Thursday=0}}
******Subject Usage Map*******{Mathematics=[ClassPeriodCount(classGrade=10, section=A, totalPeriods=0)], Physics=[ClassPeriodCount(classGrade=11, section=B, totalPeriods=0)]}
]]></system-out>
  </testcase>
  <testcase name="testComboScenarioPopulator" classname="com.school.timetable.test.parser.JsonInputParserTest" time="0.026">
    <system-out><![CDATA[*****Teacher Availability******: {Friday={1=[Teacher(name=Radhu, subjects=[Mathematics], forbiddenPeriods={Monday=[3, 5], Wednesday=[2, 4, 6]}, availablePeriods={}, maxConsecutivePeriods=2, minPeriodsPerDay=1, periodsPerWeek=5, classTeacherOf=ClassInfo(classGrade=10, section=A, subject=Mathematics)), Teacher(name=Ravi, subjects=[Physics], forbiddenPeriods={Tuesday=[1, 4], Thursday=[2, 3]}, availablePeriods={}, maxConsecutivePeriods=3, minPeriodsPerDay=1, periodsPerWeek=6, classTeacherOf=ClassInfo(classGrade=11, section=B, subject=Physics))], 2=[Teacher(name=Radhu, subjects=[Mathematics], forbiddenPeriods={Monday=[3, 5], Wednesday=[2, 4, 6]}, availablePeriods={}, maxConsecutivePeriods=2, minPeriodsPerDay=1, periodsPerWeek=5, classTeacherOf=ClassInfo(classGrade=10, section=A, subject=Mathematics)), Teacher(name=Ravi, subjects=[Physics], forbiddenPeriods={Tuesday=[1, 4], Thursday=[2, 3]}, availablePeriods={}, maxConsecutivePeriods=3, minPeriodsPerDay=1, periodsPerWeek=6, classTeacherOf=ClassInfo(classGrade=11, section=B, subject=Physics))], 3=[Teacher(name=Radhu, subjects=[Mathematics], forbiddenPeriods={Monday=[3, 5], Wednesday=[2, 4, 6]}, availablePeriods={}, maxConsecutivePeriods=2, minPeriodsPerDay=1, periodsPerWeek=5, classTeacherOf=ClassInfo(classGrade=10, section=A, subject=Mathematics)), Teacher(name=Ravi, subjects=[Physics], forbiddenPeriods={Tuesday=[1, 4], Thursday=[2, 3]}, availablePeriods={}, maxConsecutivePeriods=3, minPeriodsPerDay=1, periodsPerWeek=6, classTeacherOf=ClassInfo(classGrade=11, section=B, subject=Physics))], 4=[Teacher(name=Radhu, subjects=[Mathematics], forbiddenPeriods={Monday=[3, 5], Wednesday=[2, 4, 6]}, availablePeriods={}, maxConsecutivePeriods=2, minPeriodsPerDay=1, periodsPerWeek=5, classTeacherOf=ClassInfo(classGrade=10, section=A, subject=Mathematics)), Teacher(name=Ravi, subjects=[Physics], forbiddenPeriods={Tuesday=[1, 4], Thursday=[2, 3]}, availablePeriods={}, maxConsecutivePeriods=3, minPeriodsPerDay=1, periodsPerWeek=6, classTeacherOf=ClassInfo(classGrade=11, section=B, subject=Physics))], 5=[Teacher(name=Radhu, subjects=[Mathematics], forbiddenPeriods={Monday=[3, 5], Wednesday=[2, 4, 6]}, availablePeriods={}, maxConsecutivePeriods=2, minPeriodsPerDay=1, periodsPerWeek=5, classTeacherOf=ClassInfo(classGrade=10, section=A, subject=Mathematics)), Teacher(name=Ravi, subjects=[Physics], forbiddenPeriods={Tuesday=[1, 4], Thursday=[2, 3]}, availablePeriods={}, maxConsecutivePeriods=3, minPeriodsPerDay=1, periodsPerWeek=6, classTeacherOf=ClassInfo(classGrade=11, section=B, subject=Physics))], 6=[Teacher(name=Radhu, subjects=[Mathematics], forbiddenPeriods={Monday=[3, 5], Wednesday=[2, 4, 6]}, availablePeriods={}, maxConsecutivePeriods=2, minPeriodsPerDay=1, periodsPerWeek=5, classTeacherOf=ClassInfo(classGrade=10, section=A, subject=Mathematics)), Teacher(name=Ravi, subjects=[Physics], forbiddenPeriods={Tuesday=[1, 4], Thursday=[2, 3]}, availablePeriods={}, maxConsecutivePeriods=3, minPeriodsPerDay=1, periodsPerWeek=6, classTeacherOf=ClassInfo(classGrade=11, section=B, subject=Physics))], 7=[Teacher(name=Radhu, subjects=[Mathematics], forbiddenPeriods={Monday=[3, 5], Wednesday=[2, 4, 6]}, availablePeriods={}, maxConsecutivePeriods=2, minPeriodsPerDay=1, periodsPerWeek=5, classTeacherOf=ClassInfo(classGrade=10, section=A, subject=Mathematics)), Teacher(name=Ravi, subjects=[Physics], forbiddenPeriods={Tuesday=[1, 4], Thursday=[2, 3]}, availablePeriods={}, maxConsecutivePeriods=3, minPeriodsPerDay=1, periodsPerWeek=6, classTeacherOf=ClassInfo(classGrade=11, section=B, subject=Physics))], 8=[Teacher(name=Radhu, subjects=[Mathematics], forbiddenPeriods={Monday=[3, 5], Wednesday=[2, 4, 6]}, availablePeriods={}, maxConsecutivePeriods=2, minPeriodsPerDay=1, periodsPerWeek=5, classTeacherOf=ClassInfo(classGrade=10, section=A, subject=Mathematics)), Teacher(name=Ravi, subjects=[Physics], forbiddenPeriods={Tuesday=[1, 4], Thursday=[2, 3]}, availablePeriods={}, maxConsecutivePeriods=3, minPeriodsPerDay=1, periodsPerWeek=6, classTeacherOf=ClassInfo(classGrade=11, section=B, subject=Physics))]}, Monday={1=[Teacher(name=Radhu, subjects=[Mathematics], forbiddenPeriods={Monday=[3, 5], Wednesday=[2, 4, 6]}, availablePeriods={}, maxConsecutivePeriods=2, minPeriodsPerDay=1, periodsPerWeek=5, classTeacherOf=ClassInfo(classGrade=10, section=A, subject=Mathematics)), Teacher(name=Ravi, subjects=[Physics], forbiddenPeriods={Tuesday=[1, 4], Thursday=[2, 3]}, availablePeriods={}, maxConsecutivePeriods=3, minPeriodsPerDay=1, periodsPerWeek=6, classTeacherOf=ClassInfo(classGrade=11, section=B, subject=Physics))], 2=[Teacher(name=Radhu, subjects=[Mathematics], forbiddenPeriods={Monday=[3, 5], Wednesday=[2, 4, 6]}, availablePeriods={}, maxConsecutivePeriods=2, minPeriodsPerDay=1, periodsPerWeek=5, classTeacherOf=ClassInfo(classGrade=10, section=A, subject=Mathematics)), Teacher(name=Ravi, subjects=[Physics], forbiddenPeriods={Tuesday=[1, 4], Thursday=[2, 3]}, availablePeriods={}, maxConsecutivePeriods=3, minPeriodsPerDay=1, periodsPerWeek=6, classTeacherOf=ClassInfo(classGrade=11, section=B, subject=Physics))], 3=[Teacher(name=Ravi, subjects=[Physics], forbiddenPeriods={Tuesday=[1, 4], Thursday=[2, 3]}, availablePeriods={}, maxConsecutivePeriods=3, minPeriodsPerDay=1, periodsPerWeek=6, classTeacherOf=ClassInfo(classGrade=11, section=B, subject=Physics))], 4=[Teacher(name=Radhu, subjects=[Mathematics], forbiddenPeriods={Monday=[3, 5], Wednesday=[2, 4, 6]}, availablePeriods={}, maxConsecutivePeriods=2, minPeriodsPerDay=1, periodsPerWeek=5, classTeacherOf=ClassInfo(classGrade=10, section=A, subject=Mathematics)), Teacher(name=Ravi, subjects=[Physics], forbiddenPeriods={Tuesday=[1, 4], Thursday=[2, 3]}, availablePeriods={}, maxConsecutivePeriods=3, minPeriodsPerDay=1, periodsPerWeek=6, classTeacherOf=ClassInfo(classGrade=11, section=B, subject=Physics))], 5=[Teacher(name=Ravi, subjects=[Physics], forbiddenPeriods={Tuesday=[1, 4], Thursday=[2, 3]}, availablePeriods={}, maxConsecutivePeriods=3, minPeriodsPerDay=1, periodsPerWeek=6, classTeacherOf=ClassInfo(classGrade=11, section=B, subject=Physics))], 6=[Teacher(name=Radhu, subjects=[Mathematics], forbiddenPeriods={Monday=[3, 5], Wednesday=[2, 4, 6]}, availablePeriods={}, maxConsecutivePeriods=2, minPeriodsPerDay=1, periodsPerWeek=5, classTeacherOf=ClassInfo(classGrade=10, section=A, subject=Mathematics)), Teacher(name=Ravi, subjects=[Physics], forbiddenPeriods={Tuesday=[1, 4], Thursday=[2, 3]}, availablePeriods={}, maxConsecutivePeriods=3, minPeriodsPerDay=1, periodsPerWeek=6, classTeacherOf=ClassInfo(classGrade=11, section=B, subject=Physics))], 7=[Teacher(name=Radhu, subjects=[Mathematics], forbiddenPeriods={Monday=[3, 5], Wednesday=[2, 4, 6]}, availablePeriods={}, maxConsecutivePeriods=2, minPeriodsPerDay=1, periodsPerWeek=5, classTeacherOf=ClassInfo(classGrade=10, section=A, subject=Mathematics)), Teacher(name=Ravi, subjects=[Physics], forbiddenPeriods={Tuesday=[1, 4], Thursday=[2, 3]}, availablePeriods={}, maxConsecutivePeriods=3, minPeriodsPerDay=1, periodsPerWeek=6, classTeacherOf=ClassInfo(classGrade=11, section=B, subject=Physics))], 8=[Teacher(name=Radhu, subjects=[Mathematics], forbiddenPeriods={Monday=[3, 5], Wednesday=[2, 4, 6]}, availablePeriods={}, maxConsecutivePeriods=2, minPeriodsPerDay=1, periodsPerWeek=5, classTeacherOf=ClassInfo(classGrade=10, section=A, subject=Mathematics)), Teacher(name=Ravi, subjects=[Physics], forbiddenPeriods={Tuesday=[1, 4], Thursday=[2, 3]}, availablePeriods={}, maxConsecutivePeriods=3, minPeriodsPerDay=1, periodsPerWeek=6, classTeacherOf=ClassInfo(classGrade=11, section=B, subject=Physics))]}, Wednesday={1=[Teacher(name=Radhu, subjects=[Mathematics], forbiddenPeriods={Monday=[3, 5], Wednesday=[2, 4, 6]}, availablePeriods={}, maxConsecutivePeriods=2, minPeriodsPerDay=1, periodsPerWeek=5, classTeacherOf=ClassInfo(classGrade=10, section=A, subject=Mathematics)), Teacher(name=Ravi, subjects=[Physics], forbiddenPeriods={Tuesday=[1, 4], Thursday=[2, 3]}, availablePeriods={}, maxConsecutivePeriods=3, minPeriodsPerDay=1, periodsPerWeek=6, classTeacherOf=ClassInfo(classGrade=11, section=B, subject=Physics))], 2=[Teacher(name=Ravi, subjects=[Physics], forbiddenPeriods={Tuesday=[1, 4], Thursday=[2, 3]}, availablePeriods={}, maxConsecutivePeriods=3, minPeriodsPerDay=1, periodsPerWeek=6, classTeacherOf=ClassInfo(classGrade=11, section=B, subject=Physics))], 3=[Teacher(name=Radhu, subjects=[Mathematics], forbiddenPeriods={Monday=[3, 5], Wednesday=[2, 4, 6]}, availablePeriods={}, maxConsecutivePeriods=2, minPeriodsPerDay=1, periodsPerWeek=5, classTeacherOf=ClassInfo(classGrade=10, section=A, subject=Mathematics)), Teacher(name=Ravi, subjects=[Physics], forbiddenPeriods={Tuesday=[1, 4], Thursday=[2, 3]}, availablePeriods={}, maxConsecutivePeriods=3, minPeriodsPerDay=1, periodsPerWeek=6, classTeacherOf=ClassInfo(classGrade=11, section=B, subject=Physics))], 4=[Teacher(name=Ravi, subjects=[Physics], forbiddenPeriods={Tuesday=[1, 4], Thursday=[2, 3]}, availablePeriods={}, maxConsecutivePeriods=3, minPeriodsPerDay=1, periodsPerWeek=6, classTeacherOf=ClassInfo(classGrade=11, section=B, subject=Physics))], 5=[Teacher(name=Radhu, subjects=[Mathematics], forbiddenPeriods={Monday=[3, 5], Wednesday=[2, 4, 6]}, availablePeriods={}, maxConsecutivePeriods=2, minPeriodsPerDay=1, periodsPerWeek=5, classTeacherOf=ClassInfo(classGrade=10, section=A, subject=Mathematics)), Teacher(name=Ravi, subjects=[Physics], forbiddenPeriods={Tuesday=[1, 4], Thursday=[2, 3]}, availablePeriods={}, maxConsecutivePeriods=3, minPeriodsPerDay=1, periodsPerWeek=6, classTeacherOf=ClassInfo(classGrade=11, section=B, subject=Physics))], 6=[Teacher(name=Ravi, subjects=[Physics], forbiddenPeriods={Tuesday=[1, 4], Thursday=[2, 3]}, availablePeriods={}, maxConsecutivePeriods=3, minPeriodsPerDay=1, periodsPerWeek=6, classTeacherOf=ClassInfo(classGrade=11, section=B, subject=Physics))], 7=[Teacher(name=Radhu, subjects=[Mathematics], forbiddenPeriods={Monday=[3, 5], Wednesday=[2, 4, 6]}, availablePeriods={}, maxConsecutivePeriods=2, minPeriodsPerDay=1, periodsPerWeek=5, classTeacherOf=ClassInfo(classGrade=10, section=A, subject=Mathematics)), Teacher(name=Ravi, subjects=[Physics], forbiddenPeriods={Tuesday=[1, 4], Thursday=[2, 3]}, availablePeriods={}, maxConsecutivePeriods=3, minPeriodsPerDay=1, periodsPerWeek=6, classTeacherOf=ClassInfo(classGrade=11, section=B, subject=Physics))], 8=[Teacher(name=Radhu, subjects=[Mathematics], forbiddenPeriods={Monday=[3, 5], Wednesday=[2, 4, 6]}, availablePeriods={}, maxConsecutivePeriods=2, minPeriodsPerDay=1, periodsPerWeek=5, classTeacherOf=ClassInfo(classGrade=10, section=A, subject=Mathematics)), Teacher(name=Ravi, subjects=[Physics], forbiddenPeriods={Tuesday=[1, 4], Thursday=[2, 3]}, availablePeriods={}, maxConsecutivePeriods=3, minPeriodsPerDay=1, periodsPerWeek=6, classTeacherOf=ClassInfo(classGrade=11, section=B, subject=Physics))]}, Tuesday={1=[Teacher(name=Radhu, subjects=[Mathematics], forbiddenPeriods={Monday=[3, 5], Wednesday=[2, 4, 6]}, availablePeriods={}, maxConsecutivePeriods=2, minPeriodsPerDay=1, periodsPerWeek=5, classTeacherOf=ClassInfo(classGrade=10, section=A, subject=Mathematics))], 2=[Teacher(name=Radhu, subjects=[Mathematics], forbiddenPeriods={Monday=[3, 5], Wednesday=[2, 4, 6]}, availablePeriods={}, maxConsecutivePeriods=2, minPeriodsPerDay=1, periodsPerWeek=5, classTeacherOf=ClassInfo(classGrade=10, section=A, subject=Mathematics)), Teacher(name=Ravi, subjects=[Physics], forbiddenPeriods={Tuesday=[1, 4], Thursday=[2, 3]}, availablePeriods={}, maxConsecutivePeriods=3, minPeriodsPerDay=1, periodsPerWeek=6, classTeacherOf=ClassInfo(classGrade=11, section=B, subject=Physics))], 3=[Teacher(name=Radhu, subjects=[Mathematics], forbiddenPeriods={Monday=[3, 5], Wednesday=[2, 4, 6]}, availablePeriods={}, maxConsecutivePeriods=2, minPeriodsPerDay=1, periodsPerWeek=5, classTeacherOf=ClassInfo(classGrade=10, section=A, subject=Mathematics)), Teacher(name=Ravi, subjects=[Physics], forbiddenPeriods={Tuesday=[1, 4], Thursday=[2, 3]}, availablePeriods={}, maxConsecutivePeriods=3, minPeriodsPerDay=1, periodsPerWeek=6, classTeacherOf=ClassInfo(classGrade=11, section=B, subject=Physics))], 4=[Teacher(name=Radhu, subjects=[Mathematics], forbiddenPeriods={Monday=[3, 5], Wednesday=[2, 4, 6]}, availablePeriods={}, maxConsecutivePeriods=2, minPeriodsPerDay=1, periodsPerWeek=5, classTeacherOf=ClassInfo(classGrade=10, section=A, subject=Mathematics))], 5=[Teacher(name=Radhu, subjects=[Mathematics], forbiddenPeriods={Monday=[3, 5], Wednesday=[2, 4, 6]}, availablePeriods={}, maxConsecutivePeriods=2, minPeriodsPerDay=1, periodsPerWeek=5, classTeacherOf=ClassInfo(classGrade=10, section=A, subject=Mathematics)), Teacher(name=Ravi, subjects=[Physics], forbiddenPeriods={Tuesday=[1, 4], Thursday=[2, 3]}, availablePeriods={}, maxConsecutivePeriods=3, minPeriodsPerDay=1, periodsPerWeek=6, classTeacherOf=ClassInfo(classGrade=11, section=B, subject=Physics))], 6=[Teacher(name=Radhu, subjects=[Mathematics], forbiddenPeriods={Monday=[3, 5], Wednesday=[2, 4, 6]}, availablePeriods={}, maxConsecutivePeriods=2, minPeriodsPerDay=1, periodsPerWeek=5, classTeacherOf=ClassInfo(classGrade=10, section=A, subject=Mathematics)), Teacher(name=Ravi, subjects=[Physics], forbiddenPeriods={Tuesday=[1, 4], Thursday=[2, 3]}, availablePeriods={}, maxConsecutivePeriods=3, minPeriodsPerDay=1, periodsPerWeek=6, classTeacherOf=ClassInfo(classGrade=11, section=B, subject=Physics))], 7=[Teacher(name=Radhu, subjects=[Mathematics], forbiddenPeriods={Monday=[3, 5], Wednesday=[2, 4, 6]}, availablePeriods={}, maxConsecutivePeriods=2, minPeriodsPerDay=1, periodsPerWeek=5, classTeacherOf=ClassInfo(classGrade=10, section=A, subject=Mathematics)), Teacher(name=Ravi, subjects=[Physics], forbiddenPeriods={Tuesday=[1, 4], Thursday=[2, 3]}, availablePeriods={}, maxConsecutivePeriods=3, minPeriodsPerDay=1, periodsPerWeek=6, classTeacherOf=ClassInfo(classGrade=11, section=B, subject=Physics))], 8=[Teacher(name=Radhu, subjects=[Mathematics], forbiddenPeriods={Monday=[3, 5], Wednesday=[2, 4, 6]}, availablePeriods={}, maxConsecutivePeriods=2, minPeriodsPerDay=1, periodsPerWeek=5, classTeacherOf=ClassInfo(classGrade=10, section=A, subject=Mathematics)), Teacher(name=Ravi, subjects=[Physics], forbiddenPeriods={Tuesday=[1, 4], Thursday=[2, 3]}, availablePeriods={}, maxConsecutivePeriods=3, minPeriodsPerDay=1, periodsPerWeek=6, classTeacherOf=ClassInfo(classGrade=11, section=B, subject=Physics))]}, Thursday={1=[Teacher(name=Radhu, subjects=[Mathematics], forbiddenPeriods={Monday=[3, 5], Wednesday=[2, 4, 6]}, availablePeriods={}, maxConsecutivePeriods=2, minPeriodsPerDay=1, periodsPerWeek=5, classTeacherOf=ClassInfo(classGrade=10, section=A, subject=Mathematics)), Teacher(name=Ravi, subjects=[Physics], forbiddenPeriods={Tuesday=[1, 4], Thursday=[2, 3]}, availablePeriods={}, maxConsecutivePeriods=3, minPeriodsPerDay=1, periodsPerWeek=6, classTeacherOf=ClassInfo(classGrade=11, section=B, subject=Physics))], 2=[Teacher(name=Radhu, subjects=[Mathematics], forbiddenPeriods={Monday=[3, 5], Wednesday=[2, 4, 6]}, availablePeriods={}, maxConsecutivePeriods=2, minPeriodsPerDay=1, periodsPerWeek=5, classTeacherOf=ClassInfo(classGrade=10, section=A, subject=Mathematics))], 3=[Teacher(name=Radhu, subjects=[Mathematics], forbiddenPeriods={Monday=[3, 5], Wednesday=[2, 4, 6]}, availablePeriods={}, maxConsecutivePeriods=2, minPeriodsPerDay=1, periodsPerWeek=5, classTeacherOf=ClassInfo(classGrade=10, section=A, subject=Mathematics))], 4=[Teacher(name=Radhu, subjects=[Mathematics], forbiddenPeriods={Monday=[3, 5], Wednesday=[2, 4, 6]}, availablePeriods={}, maxConsecutivePeriods=2, minPeriodsPerDay=1, periodsPerWeek=5, classTeacherOf=ClassInfo(classGrade=10, section=A, subject=Mathematics)), Teacher(name=Ravi, subjects=[Physics], forbiddenPeriods={Tuesday=[1, 4], Thursday=[2, 3]}, availablePeriods={}, maxConsecutivePeriods=3, minPeriodsPerDay=1, periodsPerWeek=6, classTeacherOf=ClassInfo(classGrade=11, section=B, subject=Physics))], 5=[Teacher(name=Radhu, subjects=[Mathematics], forbiddenPeriods={Monday=[3, 5], Wednesday=[2, 4, 6]}, availablePeriods={}, maxConsecutivePeriods=2, minPeriodsPerDay=1, periodsPerWeek=5, classTeacherOf=ClassInfo(classGrade=10, section=A, subject=Mathematics)), Teacher(name=Ravi, subjects=[Physics], forbiddenPeriods={Tuesday=[1, 4], Thursday=[2, 3]}, availablePeriods={}, maxConsecutivePeriods=3, minPeriodsPerDay=1, periodsPerWeek=6, classTeacherOf=ClassInfo(classGrade=11, section=B, subject=Physics))], 6=[Teacher(name=Radhu, subjects=[Mathematics], forbiddenPeriods={Monday=[3, 5], Wednesday=[2, 4, 6]}, availablePeriods={}, maxConsecutivePeriods=2, minPeriodsPerDay=1, periodsPerWeek=5, classTeacherOf=ClassInfo(classGrade=10, section=A, subject=Mathematics)), Teacher(name=Ravi, subjects=[Physics], forbiddenPeriods={Tuesday=[1, 4], Thursday=[2, 3]}, availablePeriods={}, maxConsecutivePeriods=3, minPeriodsPerDay=1, periodsPerWeek=6, classTeacherOf=ClassInfo(classGrade=11, section=B, subject=Physics))], 7=[Teacher(name=Radhu, subjects=[Mathematics], forbiddenPeriods={Monday=[3, 5], Wednesday=[2, 4, 6]}, availablePeriods={}, maxConsecutivePeriods=2, minPeriodsPerDay=1, periodsPerWeek=5, classTeacherOf=ClassInfo(classGrade=10, section=A, subject=Mathematics)), Teacher(name=Ravi, subjects=[Physics], forbiddenPeriods={Tuesday=[1, 4], Thursday=[2, 3]}, availablePeriods={}, maxConsecutivePeriods=3, minPeriodsPerDay=1, periodsPerWeek=6, classTeacherOf=ClassInfo(classGrade=11, section=B, subject=Physics))], 8=[Teacher(name=Radhu, subjects=[Mathematics], forbiddenPeriods={Monday=[3, 5], Wednesday=[2, 4, 6]}, availablePeriods={}, maxConsecutivePeriods=2, minPeriodsPerDay=1, periodsPerWeek=5, classTeacherOf=ClassInfo(classGrade=10, section=A, subject=Mathematics)), Teacher(name=Ravi, subjects=[Physics], forbiddenPeriods={Tuesday=[1, 4], Thursday=[2, 3]}, availablePeriods={}, maxConsecutivePeriods=3, minPeriodsPerDay=1, periodsPerWeek=6, classTeacherOf=ClassInfo(classGrade=11, section=B, subject=Physics))]}}
*****Class Schedules: ********{10A={Friday=[ScheduleEntry(period=1, classInfo=ClassInfo(classGrade=10, section=A, subject=Mathematics))], Monday=[ScheduleEntry(period=1, classInfo=ClassInfo(classGrade=10, section=A, subject=Mathematics))], Wednesday=[ScheduleEntry(period=1, classInfo=ClassInfo(classGrade=10, section=A, subject=Mathematics))], Tuesday=[ScheduleEntry(period=1, classInfo=ClassInfo(classGrade=10, section=A, subject=Mathematics))], Thursday=[ScheduleEntry(period=1, classInfo=ClassInfo(classGrade=10, section=A, subject=Mathematics))]}, 11B={Friday=[ScheduleEntry(period=1, classInfo=ClassInfo(classGrade=11, section=B, subject=Physics))], Monday=[ScheduleEntry(period=1, classInfo=ClassInfo(classGrade=11, section=B, subject=Physics))], Wednesday=[ScheduleEntry(period=1, classInfo=ClassInfo(classGrade=11, section=B, subject=Physics))], Tuesday=[ScheduleEntry(period=1, classInfo=ClassInfo(classGrade=11, section=B, subject=Physics))], Thursday=[ScheduleEntry(period=1, classInfo=ClassInfo(classGrade=11, section=B, subject=Physics))]}}
******Subject Period Tracker****{Mathematics={10A=PeriodRequirement(remainingPeriodsPerDay=1, remainingPeriodsPerWeek=5)}, Physics={11B=PeriodRequirement(remainingPeriodsPerDay=1, remainingPeriodsPerWeek=6)}}
******Teacher WorkLoad Mapping*****{Radhu={Friday=0, Monday=0, Wednesday=0, Tuesday=0, Thursday=0}, Ravi={Friday=0, Monday=0, Wednesday=0, Tuesday=0, Thursday=0}}
******Subject Usage Map*******{Mathematics=[ClassPeriodCount(classGrade=10, section=A, totalPeriods=0)], Physics=[ClassPeriodCount(classGrade=11, section=B, totalPeriods=0)]}
]]></system-out>
  </testcase>
</testsuite>